<?xml version="1.0" encoding="UTF-8"?>
<testsuite name="io.turntabl.springwebservices.SpringWebServicesApplicationTests" tests="2" skipped="0" failures="0" errors="0" timestamp="2019-11-20T17:14:23" hostname="sammy" time="0.439">
  <properties/>
  <testcase name="testAdd()" classname="io.turntabl.springwebservices.SpringWebServicesApplicationTests" time="0.427"/>
  <testcase name="testSubtract()" classname="io.turntabl.springwebservices.SpringWebServicesApplicationTests" time="0.01"/>
  <system-out><![CDATA[17:14:16.329 [Test worker] DEBUG org.springframework.test.context.BootstrapUtils - Instantiating CacheAwareContextLoaderDelegate from class [org.springframework.test.context.cache.DefaultCacheAwareContextLoaderDelegate]
17:14:16.346 [Test worker] DEBUG org.springframework.test.context.BootstrapUtils - Instantiating BootstrapContext using constructor [public org.springframework.test.context.support.DefaultBootstrapContext(java.lang.Class,org.springframework.test.context.CacheAwareContextLoaderDelegate)]
17:14:16.399 [Test worker] DEBUG org.springframework.test.context.BootstrapUtils - Instantiating TestContextBootstrapper for test class [io.turntabl.springwebservices.SpringWebServicesApplicationTests] from class [org.springframework.boot.test.context.SpringBootTestContextBootstrapper]
17:14:16.419 [Test worker] INFO org.springframework.boot.test.context.SpringBootTestContextBootstrapper - Neither @ContextConfiguration nor @ContextHierarchy found for test class [io.turntabl.springwebservices.SpringWebServicesApplicationTests], using SpringBootContextLoader
17:14:16.426 [Test worker] DEBUG org.springframework.test.context.support.AbstractContextLoader - Did not detect default resource location for test class [io.turntabl.springwebservices.SpringWebServicesApplicationTests]: class path resource [io/turntabl/springwebservices/SpringWebServicesApplicationTests-context.xml] does not exist
17:14:16.426 [Test worker] DEBUG org.springframework.test.context.support.AbstractContextLoader - Did not detect default resource location for test class [io.turntabl.springwebservices.SpringWebServicesApplicationTests]: class path resource [io/turntabl/springwebservices/SpringWebServicesApplicationTestsContext.groovy] does not exist
17:14:16.427 [Test worker] INFO org.springframework.test.context.support.AbstractContextLoader - Could not detect default resource locations for test class [io.turntabl.springwebservices.SpringWebServicesApplicationTests]: no resource found for suffixes {-context.xml, Context.groovy}.
17:14:16.428 [Test worker] INFO org.springframework.test.context.support.AnnotationConfigContextLoaderUtils - Could not detect default configuration classes for test class [io.turntabl.springwebservices.SpringWebServicesApplicationTests]: SpringWebServicesApplicationTests does not declare any static, non-private, non-final, nested classes annotated with @Configuration.
17:14:16.473 [Test worker] DEBUG org.springframework.test.context.support.ActiveProfilesUtils - Could not find an 'annotation declaring class' for annotation type [org.springframework.test.context.ActiveProfiles] and class [io.turntabl.springwebservices.SpringWebServicesApplicationTests]
17:14:16.559 [Test worker] DEBUG org.springframework.context.annotation.ClassPathScanningCandidateComponentProvider - Identified candidate component class: file [/home/sammy/Documents/TURNTABL/Tutorials/Labs/spring-web-services/build/classes/java/main/io/turntabl/springwebservices/SpringWebServicesApplication.class]
17:14:16.560 [Test worker] INFO org.springframework.boot.test.context.SpringBootTestContextBootstrapper - Found @SpringBootConfiguration io.turntabl.springwebservices.SpringWebServicesApplication for test class io.turntabl.springwebservices.SpringWebServicesApplicationTests
17:14:16.693 [Test worker] DEBUG org.springframework.boot.test.context.SpringBootTestContextBootstrapper - @TestExecutionListeners is not present for class [io.turntabl.springwebservices.SpringWebServicesApplicationTests]: using defaults.
17:14:16.694 [Test worker] INFO org.springframework.boot.test.context.SpringBootTestContextBootstrapper - Loaded default TestExecutionListener class names from location [META-INF/spring.factories]: [org.springframework.boot.test.autoconfigure.restdocs.RestDocsTestExecutionListener, org.springframework.boot.test.autoconfigure.web.client.MockRestServiceServerResetTestExecutionListener, org.springframework.boot.test.autoconfigure.web.servlet.MockMvcPrintOnlyOnFailureTestExecutionListener, org.springframework.boot.test.autoconfigure.web.servlet.WebDriverTestExecutionListener, org.springframework.boot.test.mock.mockito.MockitoTestExecutionListener, org.springframework.boot.test.mock.mockito.ResetMocksTestExecutionListener, org.springframework.test.context.web.ServletTestExecutionListener, org.springframework.test.context.support.DirtiesContextBeforeModesTestExecutionListener, org.springframework.test.context.support.DependencyInjectionTestExecutionListener, org.springframework.test.context.support.DirtiesContextTestExecutionListener, org.springframework.test.context.transaction.TransactionalTestExecutionListener, org.springframework.test.context.jdbc.SqlScriptsTestExecutionListener, org.springframework.test.context.event.EventPublishingTestExecutionListener]
17:14:16.715 [Test worker] INFO org.springframework.boot.test.context.SpringBootTestContextBootstrapper - Using TestExecutionListeners: [org.springframework.test.context.web.ServletTestExecutionListener@21b1be67, org.springframework.test.context.support.DirtiesContextBeforeModesTestExecutionListener@4c33b9a9, org.springframework.boot.test.mock.mockito.MockitoTestExecutionListener@5e1f41c, org.springframework.boot.test.autoconfigure.SpringBootDependencyInjectionTestExecutionListener@570bfe9b, org.springframework.test.context.support.DirtiesContextTestExecutionListener@7b65209b, org.springframework.test.context.transaction.TransactionalTestExecutionListener@2a4a30af, org.springframework.test.context.jdbc.SqlScriptsTestExecutionListener@200160ee, org.springframework.test.context.event.EventPublishingTestExecutionListener@2876bd53, org.springframework.boot.test.autoconfigure.restdocs.RestDocsTestExecutionListener@7ac5313e, org.springframework.boot.test.autoconfigure.web.client.MockRestServiceServerResetTestExecutionListener@171b981, org.springframework.boot.test.autoconfigure.web.servlet.MockMvcPrintOnlyOnFailureTestExecutionListener@2a5caf51, org.springframework.boot.test.autoconfigure.web.servlet.WebDriverTestExecutionListener@37dd136c, org.springframework.boot.test.mock.mockito.ResetMocksTestExecutionListener@64c29868]
17:14:16.721 [Test worker] DEBUG org.springframework.test.context.support.AbstractDirtiesContextTestExecutionListener - Before test class: context [DefaultTestContext@2ca4fe4 testClass = SpringWebServicesApplicationTests, testInstance = [null], testMethod = [null], testException = [null], mergedContextConfiguration = [WebMergedContextConfiguration@212e736f testClass = SpringWebServicesApplicationTests, locations = '{}', classes = '{class io.turntabl.springwebservices.SpringWebServicesApplication}', contextInitializerClasses = '[]', activeProfiles = '{}', propertySourceLocations = '{}', propertySourceProperties = '{org.springframework.boot.test.context.SpringBootTestContextBootstrapper=true}', contextCustomizers = set[org.springframework.boot.test.autoconfigure.properties.PropertyMappingContextCustomizer@0, org.springframework.boot.test.autoconfigure.web.servlet.WebDriverContextCustomizerFactory$Customizer@b4db9e3, org.springframework.boot.test.context.filter.ExcludeFilterContextCustomizer@6c30e2ca, org.springframework.boot.test.json.DuplicateJsonObjectContextCustomizerFactory$DuplicateJsonObjectContextCustomizer@55d643f9, org.springframework.boot.test.mock.mockito.MockitoContextCustomizer@0, org.springframework.boot.test.web.client.TestRestTemplateContextCustomizer@27d289b8], resourceBasePath = 'src/main/webapp', contextLoader = 'org.springframework.boot.test.context.SpringBootContextLoader', parent = [null]], attributes = map['org.springframework.test.context.web.ServletTestExecutionListener.activateListener' -> true]], class annotated with @DirtiesContext [false] with mode [null].
17:14:16.766 [Test worker] DEBUG org.springframework.test.context.support.TestPropertySourceUtils - Adding inlined properties to environment: {spring.jmx.enabled=false, org.springframework.boot.test.context.SpringBootTestContextBootstrapper=true, server.port=-1}

  .   ____          _            __ _ _
 /\\ / ___'_ __ _ _(_)_ __  __ _ \ \ \ \
( ( )\___ | '_ | '_| | '_ \/ _` | \ \ \ \
 \\/  ___)| |_)| | | | | || (_| |  ) ) ) )
  '  |____| .__|_| |_|_| |_\__, | / / / /
 =========|_|==============|___/=/_/_/_/
 :: Spring Boot ::        (v2.2.1.RELEASE)

2019-11-20 17:14:17.154  INFO 16098 --- [    Test worker] i.t.s.SpringWebServicesApplicationTests  : Starting SpringWebServicesApplicationTests on sammy with PID 16098 (started by sammy in /home/sammy/Documents/TURNTABL/Tutorials/Labs/spring-web-services)
2019-11-20 17:14:17.167  INFO 16098 --- [    Test worker] i.t.s.SpringWebServicesApplicationTests  : No active profile set, falling back to default profiles: default
2019-11-20 17:14:19.447  INFO 16098 --- [    Test worker] trationDelegate$BeanPostProcessorChecker : Bean 'org.springframework.transaction.annotation.ProxyTransactionManagementConfiguration' of type [org.springframework.transaction.annotation.ProxyTransactionManagementConfiguration] is not eligible for getting processed by all BeanPostProcessors (for example: not eligible for auto-proxying)
2019-11-20 17:14:21.565  INFO 16098 --- [    Test worker] pertySourcedRequestMappingHandlerMapping : Mapped URL path [/v2/api-docs] onto method [springfox.documentation.swagger2.web.Swagger2Controller#getDocumentation(String, HttpServletRequest)]
2019-11-20 17:14:22.166  INFO 16098 --- [    Test worker] o.s.s.concurrent.ThreadPoolTaskExecutor  : Initializing ExecutorService 'applicationTaskExecutor'
2019-11-20 17:14:22.622  INFO 16098 --- [    Test worker] d.s.w.p.DocumentationPluginsBootstrapper : Context refreshed
2019-11-20 17:14:22.674  INFO 16098 --- [    Test worker] d.s.w.p.DocumentationPluginsBootstrapper : Found 1 custom documentation plugin(s)
2019-11-20 17:14:22.742  INFO 16098 --- [    Test worker] s.d.s.w.s.ApiListingReferenceScanner     : Scanning for api listing references
2019-11-20 17:14:23.141  INFO 16098 --- [    Test worker] i.t.s.SpringWebServicesApplicationTests  : Started SpringWebServicesApplicationTests in 6.361 seconds (JVM running for 7.832)
]]></system-out>
  <system-err><![CDATA[]]></system-err>
</testsuite>
