<?xml version="1.0" encoding="UTF-8"?>
<testsuite name="io.turntabl.springwebservices.SpringWebServicesApplicationTests" tests="2" skipped="0" failures="0" errors="0" timestamp="2019-11-20T14:42:18" hostname="sammy" time="0.429">
  <properties/>
  <testcase name="testAdd()" classname="io.turntabl.springwebservices.SpringWebServicesApplicationTests" time="0.417"/>
  <testcase name="testSubtract()" classname="io.turntabl.springwebservices.SpringWebServicesApplicationTests" time="0.009"/>
  <system-out><![CDATA[14:42:13.060 [Test worker] DEBUG org.springframework.test.context.BootstrapUtils - Instantiating CacheAwareContextLoaderDelegate from class [org.springframework.test.context.cache.DefaultCacheAwareContextLoaderDelegate]
14:42:13.078 [Test worker] DEBUG org.springframework.test.context.BootstrapUtils - Instantiating BootstrapContext using constructor [public org.springframework.test.context.support.DefaultBootstrapContext(java.lang.Class,org.springframework.test.context.CacheAwareContextLoaderDelegate)]
14:42:13.131 [Test worker] DEBUG org.springframework.test.context.BootstrapUtils - Instantiating TestContextBootstrapper for test class [io.turntabl.springwebservices.SpringWebServicesApplicationTests] from class [org.springframework.boot.test.context.SpringBootTestContextBootstrapper]
14:42:13.158 [Test worker] INFO org.springframework.boot.test.context.SpringBootTestContextBootstrapper - Neither @ContextConfiguration nor @ContextHierarchy found for test class [io.turntabl.springwebservices.SpringWebServicesApplicationTests], using SpringBootContextLoader
14:42:13.163 [Test worker] DEBUG org.springframework.test.context.support.AbstractContextLoader - Did not detect default resource location for test class [io.turntabl.springwebservices.SpringWebServicesApplicationTests]: class path resource [io/turntabl/springwebservices/SpringWebServicesApplicationTests-context.xml] does not exist
14:42:13.163 [Test worker] DEBUG org.springframework.test.context.support.AbstractContextLoader - Did not detect default resource location for test class [io.turntabl.springwebservices.SpringWebServicesApplicationTests]: class path resource [io/turntabl/springwebservices/SpringWebServicesApplicationTestsContext.groovy] does not exist
14:42:13.164 [Test worker] INFO org.springframework.test.context.support.AbstractContextLoader - Could not detect default resource locations for test class [io.turntabl.springwebservices.SpringWebServicesApplicationTests]: no resource found for suffixes {-context.xml, Context.groovy}.
14:42:13.165 [Test worker] INFO org.springframework.test.context.support.AnnotationConfigContextLoaderUtils - Could not detect default configuration classes for test class [io.turntabl.springwebservices.SpringWebServicesApplicationTests]: SpringWebServicesApplicationTests does not declare any static, non-private, non-final, nested classes annotated with @Configuration.
14:42:13.207 [Test worker] DEBUG org.springframework.test.context.support.ActiveProfilesUtils - Could not find an 'annotation declaring class' for annotation type [org.springframework.test.context.ActiveProfiles] and class [io.turntabl.springwebservices.SpringWebServicesApplicationTests]
14:42:13.295 [Test worker] DEBUG org.springframework.context.annotation.ClassPathScanningCandidateComponentProvider - Identified candidate component class: file [/home/sammy/Documents/TURNTABL/Tutorials/Labs/spring-web-services/build/classes/java/main/io/turntabl/springwebservices/SpringWebServicesApplication.class]
14:42:13.297 [Test worker] INFO org.springframework.boot.test.context.SpringBootTestContextBootstrapper - Found @SpringBootConfiguration io.turntabl.springwebservices.SpringWebServicesApplication for test class io.turntabl.springwebservices.SpringWebServicesApplicationTests
14:42:13.905 [Test worker] DEBUG org.springframework.boot.test.context.SpringBootTestContextBootstrapper - @TestExecutionListeners is not present for class [io.turntabl.springwebservices.SpringWebServicesApplicationTests]: using defaults.
14:42:13.906 [Test worker] INFO org.springframework.boot.test.context.SpringBootTestContextBootstrapper - Loaded default TestExecutionListener class names from location [META-INF/spring.factories]: [org.springframework.boot.test.autoconfigure.restdocs.RestDocsTestExecutionListener, org.springframework.boot.test.autoconfigure.web.client.MockRestServiceServerResetTestExecutionListener, org.springframework.boot.test.autoconfigure.web.servlet.MockMvcPrintOnlyOnFailureTestExecutionListener, org.springframework.boot.test.autoconfigure.web.servlet.WebDriverTestExecutionListener, org.springframework.boot.test.mock.mockito.MockitoTestExecutionListener, org.springframework.boot.test.mock.mockito.ResetMocksTestExecutionListener, org.springframework.test.context.web.ServletTestExecutionListener, org.springframework.test.context.support.DirtiesContextBeforeModesTestExecutionListener, org.springframework.test.context.support.DependencyInjectionTestExecutionListener, org.springframework.test.context.support.DirtiesContextTestExecutionListener, org.springframework.test.context.transaction.TransactionalTestExecutionListener, org.springframework.test.context.jdbc.SqlScriptsTestExecutionListener, org.springframework.test.context.event.EventPublishingTestExecutionListener]
14:42:13.927 [Test worker] INFO org.springframework.boot.test.context.SpringBootTestContextBootstrapper - Using TestExecutionListeners: [org.springframework.test.context.web.ServletTestExecutionListener@21447de6, org.springframework.test.context.support.DirtiesContextBeforeModesTestExecutionListener@15949705, org.springframework.boot.test.mock.mockito.MockitoTestExecutionListener@2b3e0158, org.springframework.boot.test.autoconfigure.SpringBootDependencyInjectionTestExecutionListener@4bf39d0, org.springframework.test.context.support.DirtiesContextTestExecutionListener@696dfec, org.springframework.test.context.transaction.TransactionalTestExecutionListener@378b5c84, org.springframework.test.context.jdbc.SqlScriptsTestExecutionListener@6c64bfec, org.springframework.test.context.event.EventPublishingTestExecutionListener@11e87a09, org.springframework.boot.test.autoconfigure.restdocs.RestDocsTestExecutionListener@21b1be67, org.springframework.boot.test.autoconfigure.web.client.MockRestServiceServerResetTestExecutionListener@4c33b9a9, org.springframework.boot.test.autoconfigure.web.servlet.MockMvcPrintOnlyOnFailureTestExecutionListener@5e1f41c, org.springframework.boot.test.autoconfigure.web.servlet.WebDriverTestExecutionListener@570bfe9b, org.springframework.boot.test.mock.mockito.ResetMocksTestExecutionListener@7b65209b]
14:42:13.933 [Test worker] DEBUG org.springframework.test.context.support.AbstractDirtiesContextTestExecutionListener - Before test class: context [DefaultTestContext@65ba660c testClass = SpringWebServicesApplicationTests, testInstance = [null], testMethod = [null], testException = [null], mergedContextConfiguration = [WebMergedContextConfiguration@17cc487b testClass = SpringWebServicesApplicationTests, locations = '{}', classes = '{class io.turntabl.springwebservices.SpringWebServicesApplication}', contextInitializerClasses = '[]', activeProfiles = '{}', propertySourceLocations = '{}', propertySourceProperties = '{org.springframework.boot.test.context.SpringBootTestContextBootstrapper=true}', contextCustomizers = set[org.springframework.boot.test.autoconfigure.properties.PropertyMappingContextCustomizer@0, org.springframework.boot.test.autoconfigure.web.servlet.WebDriverContextCustomizerFactory$Customizer@b4db9e3, org.springframework.boot.test.context.filter.ExcludeFilterContextCustomizer@6c30e2ca, org.springframework.boot.test.json.DuplicateJsonObjectContextCustomizerFactory$DuplicateJsonObjectContextCustomizer@55d643f9, org.springframework.boot.test.mock.mockito.MockitoContextCustomizer@0, org.springframework.boot.test.web.client.TestRestTemplateContextCustomizer@27d289b8], resourceBasePath = 'src/main/webapp', contextLoader = 'org.springframework.boot.test.context.SpringBootContextLoader', parent = [null]], attributes = map['org.springframework.test.context.web.ServletTestExecutionListener.activateListener' -> true]], class annotated with @DirtiesContext [false] with mode [null].
14:42:13.966 [Test worker] DEBUG org.springframework.test.context.support.TestPropertySourceUtils - Adding inlined properties to environment: {spring.jmx.enabled=false, org.springframework.boot.test.context.SpringBootTestContextBootstrapper=true, server.port=-1}

  .   ____          _            __ _ _
 /\\ / ___'_ __ _ _(_)_ __  __ _ \ \ \ \
( ( )\___ | '_ | '_| | '_ \/ _` | \ \ \ \
 \\/  ___)| |_)| | | | | || (_| |  ) ) ) )
  '  |____| .__|_| |_|_| |_\__, | / / / /
 =========|_|==============|___/=/_/_/_/
 :: Spring Boot ::        (v2.2.1.RELEASE)

2019-11-20 14:42:14.447  INFO 9896 --- [    Test worker] i.t.s.SpringWebServicesApplicationTests  : Starting SpringWebServicesApplicationTests on sammy with PID 9896 (started by sammy in /home/sammy/Documents/TURNTABL/Tutorials/Labs/spring-web-services)
2019-11-20 14:42:14.449  INFO 9896 --- [    Test worker] i.t.s.SpringWebServicesApplicationTests  : No active profile set, falling back to default profiles: default
2019-11-20 14:42:17.753  INFO 9896 --- [    Test worker] o.s.s.concurrent.ThreadPoolTaskExecutor  : Initializing ExecutorService 'applicationTaskExecutor'
2019-11-20 14:42:18.295  INFO 9896 --- [    Test worker] i.t.s.SpringWebServicesApplicationTests  : Started SpringWebServicesApplicationTests in 4.319 seconds (JVM running for 6.549)
]]></system-out>
  <system-err><![CDATA[]]></system-err>
</testsuite>
